Arguments: 
  /usr/local/bin/node /usr/share/yarn/bin/yarn.js add bootstrao

PATH: 
  /home/dev/.local/bin:/home/dev/.rvm/gems/ruby-3.2.2/bin:/home/dev/.rvm/gems/ruby-3.2.2@global/bin:/home/dev/.rvm/rubies/ruby-3.2.2/bin:/home/dev/.rvm/bin:/usr/local/sbin:/usr/local/bin:/usr/sbin:/usr/bin:/sbin:/bin:/usr/games:/usr/local/games:/snap/bin:/home/dev/.local/share/JetBrains/Toolbox/scripts

Yarn version: 
  1.22.19

Node version: 
  16.20.1

Platform: 
  linux x64

Trace: 
  Error: https://registry.yarnpkg.com/bootstrao: Not found
      at Request.params.callback [as _callback] (/usr/share/yarn/lib/cli.js:66145:18)
      at Request.self.callback (/usr/share/yarn/lib/cli.js:140890:22)
      at Request.emit (node:events:513:28)
      at Request.<anonymous> (/usr/share/yarn/lib/cli.js:141862:10)
      at Request.emit (node:events:513:28)
      at IncomingMessage.<anonymous> (/usr/share/yarn/lib/cli.js:141784:12)
      at Object.onceWrapper (node:events:627:28)
      at IncomingMessage.emit (node:events:525:35)
      at endReadableNT (node:internal/streams/readable:1358:12)
      at processTicksAndRejections (node:internal/process/task_queues:83:21)

npm manifest: 
  {
    "dependencies": {
      "bootstrap": "^5.3.1"
    }
  }

yarn manifest: 
  No manifest

Lockfile: 
  No lockfile
